2026-06-26 12:41:22,401 - crypto_system - DEBUG - Debug message
2026-06-26 12:41:22,418 - crypto_system - INFO - Info message
2026-06-26 12:41:22,427 - crypto_system - WARNING - Warning message
2026-06-26 12:41:22,439 - crypto_system - ERROR - Error message
2026-06-26 12:41:22,448 - crypto_system - CRITICAL - Critical message
2026-06-26 12:41:36,655 - crypto_system - DEBUG - Debug message
2026-06-26 12:41:36,665 - crypto_system - INFO - Info message
2026-06-26 12:41:36,675 - crypto_system - WARNING - Warning message
2026-06-26 12:41:36,687 - crypto_system - ERROR - Error message
2026-06-26 12:41:36,696 - crypto_system - CRITICAL - Critical message
2026-06-26 12:44:58,484 - crypto_system - DEBUG - Debug message
2026-06-26 12:44:58,496 - crypto_system - INFO - Info message
2026-06-26 12:44:58,507 - crypto_system - WARNING - Warning message
2026-06-26 12:44:58,517 - crypto_system - ERROR - Error message
2026-06-26 12:44:58,527 - crypto_system - CRITICAL - Critical message
2026-06-26 12:48:43,420 - crypto_system - DEBUG - Debug message
2026-06-26 12:48:43,433 - crypto_system - INFO - Info message
2026-06-26 12:48:43,442 - crypto_system - WARNING - Warning message
2026-06-26 12:48:43,452 - crypto_system - ERROR - Error message
2026-06-26 12:48:43,464 - crypto_system - CRITICAL - Critical message
2026-06-26 12:52:10,623 - crypto_system - DEBUG - Debug message
2026-06-26 12:52:10,632 - crypto_system - INFO - Info message
2026-06-26 12:52:10,642 - crypto_system - WARNING - Warning message
2026-06-26 12:52:10,654 - crypto_system - ERROR - Error message
2026-06-26 12:52:10,662 - crypto_system - CRITICAL - Critical message
2026-06-29 10:54:34,639 - crypto_system - DEBUG - Debug message
2026-06-29 10:54:34,654 - crypto_system - INFO - Info message
2026-06-29 10:54:34,663 - crypto_system - WARNING - Warning message
2026-06-29 10:54:34,674 - crypto_system - ERROR - Error message
2026-06-29 10:54:34,686 - crypto_system - CRITICAL - Critical message
